<?xml version="1.0" encoding="UTF-8" ?>
<testsuite tests="21" failures="0" name="org.calc.RunCucumberTest" time="0.291" errors="0" skipped="0">
  <properties>
[...]
</properties>
  <testcase classname="add test" name="add two numbers on the Calculator app" time="0.139"/>
  <testcase classname="add test" name="check multiplication function on Calculator app #1" time="0.017"/>
  <testcase classname="add test" name="check multiplication function on Calculator app #2" time="0.004"/>
  <testcase classname="add test" name="check multiplication function on Calculator app #3" time="0.007"/>
  <testcase classname="add test" name="check multiplication function on Calculator app #4" time="0.001"/>
  <testcase classname="add test" name="check multiplication function on Calculator app #5" time="0.008"/>
  <testcase classname="add test" name="check multiplication function on Calculator app #6" time="0.007"/>
  <testcase classname="add test" name="check multiplication function on Calculator app #7" time="0.007"/>
  <testcase classname="add test" name="check multiplication function on Calculator app #8" time="0.008"/>
  <testcase classname="add test" name="check multiplication function on Calculator app #9" time="0.01"/>
  <testcase classname="add test" name="check multiplication function on Calculator app #10" time="0.008"/>
  <testcase classname="add test" name="check multiplication function on Calculator app #11" time="0.008"/>
  <testcase classname="add test" name="check multiplication function on Calculator app #12" time="0.009"/>
  <testcase classname="add test" name="check multiplication function on Calculator app #13" time="0.005"/>
  <testcase classname="add test" name="check multiplication function on Calculator app #14" time="0.006"/>
  <testcase classname="add test" name="check multiplication function on Calculator app #15" time="0.01"/>
  <testcase classname="add test" name="check multiplication function on Calculator app #16" time="0.008"/>
  <testcase classname="add test" name="check multiplication function on Calculator app #17" time="0.009"/>
  <testcase classname="add test" name="check multiplication function on Calculator app #18" time="0.006"/>
  <testcase classname="add test" name="check multiplication function on Calculator app #19" time="0.009"/>
  <testcase classname="add test" name="check multiplication function on Calculator app #20" time="0.005"/>
</testsuite>